2025-01-03 11:44:51,930 - INFO - Navegando al portal de sistema de requerimientos.
2025-01-03 11:45:03,535 - INFO - Intentando hacer clic en 'Soy Proveedor'...
2025-01-03 11:45:23,874 - ERROR - Error durante el inicio de sesión: Message: 
Stacktrace:
#0 0x5597483886da <unknown>
#1 0x559747e9cf80 <unknown>
#2 0x559747ee9b46 <unknown>
#3 0x559747ee9de1 <unknown>
#4 0x559747f2f174 <unknown>
#5 0x559747f0dbdd <unknown>
#6 0x559747f2c69d <unknown>
#7 0x559747f0d953 <unknown>
#8 0x559747edc72e <unknown>
#9 0x559747edd79e <unknown>
#10 0x559748353f1b <unknown>
#11 0x559748357eb8 <unknown>
#12 0x55974834142c <unknown>
#13 0x559748358a37 <unknown>
#14 0x559748325fef <unknown>
#15 0x559748376ad8 <unknown>
#16 0x559748376ca0 <unknown>
#17 0x559748387556 <unknown>
#18 0x7f6d9397aa94 <unknown>
#19 0x7f6d93a07c3c <unknown>

2025-01-03 11:45:27,653 - INFO - Navegando al portal de sistema de requerimientos.
2025-01-03 11:45:28,723 - INFO - Intentando hacer clic en 'Soy Proveedor'...
2025-01-03 11:45:28,881 - INFO - Clic en 'Soy Proveedor' realizado.
2025-01-03 11:45:28,881 - INFO - Ingresando credenciales...
2025-01-03 11:45:29,625 - INFO - Intentando hacer clic en 'Iniciar Sesión'...
2025-01-03 11:45:33,885 - INFO - Inicio de sesión realizado.
2025-01-03 11:45:38,886 - INFO - Intentando hacer clic en 'Soporte operativo'...
2025-01-03 11:45:38,985 - INFO - Clic en 'Soporte operativo' realizado.
2025-01-03 11:45:38,985 - INFO - Intentando hacer clic en 'Personal Externo'...
2025-01-03 11:45:39,083 - INFO - Clic en 'Personal Externo' realizado.
2025-01-03 11:45:39,083 - INFO - Intentando hacer clic en 'Estado de solicitudes Personal Externo'...
2025-01-03 11:45:40,674 - INFO - Clic en 'Estado de solicitudes Personal Externo' realizado.
2025-01-03 11:45:42,678 - INFO - Intentando hacer clic en el botón 'Ver' de la primera solicitud...
2025-01-03 11:45:42,810 - INFO - Clic en el botón 'Ver' realizado.
2025-01-03 11:45:47,810 - INFO - Intentando extraer el número de solicitud desde el encabezado de la página...
2025-01-03 11:46:27,568 - ERROR - Error al ingresar o extraer el número de solicitud: Message: 
Stacktrace:
#0 0x555fcdbd56da <unknown>
#1 0x555fcd6e9f80 <unknown>
#2 0x555fcd736b46 <unknown>
#3 0x555fcd736de1 <unknown>
#4 0x555fcd77c174 <unknown>
#5 0x555fcd75abdd <unknown>
#6 0x555fcd77969d <unknown>
#7 0x555fcd75a953 <unknown>
#8 0x555fcd72972e <unknown>
#9 0x555fcd72a79e <unknown>
#10 0x555fcdba0f1b <unknown>
#11 0x555fcdba4eb8 <unknown>
#12 0x555fcdb8e42c <unknown>
#13 0x555fcdba5a37 <unknown>
#14 0x555fcdb72fef <unknown>
#15 0x555fcdbc3ad8 <unknown>
#16 0x555fcdbc3ca0 <unknown>
#17 0x555fcdbd4556 <unknown>
#18 0x7fe611d90a94 <unknown>
#19 0x7fe611e1dc3c <unknown>

2025-01-03 11:46:27,568 - ERROR - Captura de pantalla guardada en: error_screenshot.png
