2025-01-03 11:20:02,801 - INFO - Navegando al portal de sistema de requerimientos.
2025-01-03 11:20:16,335 - INFO - Intentando hacer clic en 'Soy Proveedor'...
2025-01-03 11:20:16,495 - INFO - Clic en 'Soy Proveedor' realizado.
2025-01-03 11:20:16,495 - INFO - Ingresando credenciales...
2025-01-03 11:20:17,241 - INFO - Intentando hacer clic en 'Iniciar Sesión'...
2025-01-03 11:20:21,825 - INFO - Inicio de sesión realizado.
2025-01-03 11:20:26,023 - INFO - Intentando hacer clic en 'Soporte operativo'...
2025-01-03 11:20:26,121 - INFO - Clic en 'Soporte operativo' realizado.
2025-01-03 11:20:26,121 - INFO - Intentando hacer clic en 'Personal Externo'...
2025-01-03 11:20:26,214 - INFO - Clic en 'Personal Externo' realizado.
2025-01-03 11:20:26,214 - INFO - Intentando hacer clic en 'Estado de solicitudes Personal Externo'...
2025-01-03 11:20:27,889 - INFO - Clic en 'Estado de solicitudes Personal Externo' realizado.
2025-01-03 11:20:29,890 - INFO - Intentando hacer clic en el botón 'Ver' de la primera solicitud...
2025-01-03 11:20:30,036 - INFO - Clic en el botón 'Ver' realizado.
2025-01-03 11:20:33,036 - INFO - Intentando extraer el número de solicitud desde la página de detalles...
2025-01-03 11:20:53,440 - ERROR - Error al ingresar o extraer el número de solicitud: Message: 
Stacktrace:
#0 0x556c932306da <unknown>
#1 0x556c92d44f80 <unknown>
#2 0x556c92d91b46 <unknown>
#3 0x556c92d91de1 <unknown>
#4 0x556c92dd7174 <unknown>
#5 0x556c92db5bdd <unknown>
#6 0x556c92dd469d <unknown>
#7 0x556c92db5953 <unknown>
#8 0x556c92d8472e <unknown>
#9 0x556c92d8579e <unknown>
#10 0x556c931fbf1b <unknown>
#11 0x556c931ffeb8 <unknown>
#12 0x556c931e942c <unknown>
#13 0x556c93200a37 <unknown>
#14 0x556c931cdfef <unknown>
#15 0x556c9321ead8 <unknown>
#16 0x556c9321eca0 <unknown>
#17 0x556c9322f556 <unknown>
#18 0x7f1e7ec75a94 <unknown>
#19 0x7f1e7ed02c3c <unknown>

